           _                 _    
  __ _  __| |_ __ __ _ _ __ | |_  
 / _` |/ _` | '__/ _` | '_ \| __| 
| (_| | (_| | | | (_| | | | | |_  
 \__, |\__,_|_|  \__,_|_| |_|\__| 
    |_|                           

Version: 1.11.4, build: d8b6e4a0
Access web UI at http://localhost:6333/dashboard

2024-09-23T16:20:39.684770Z  INFO storage::content_manager::consensus::persistent: Loading raft state from ./storage/raft_state.json    
2024-09-23T16:20:39.684862Z DEBUG storage::content_manager::consensus::persistent: State: Persistent { state: RaftState { hard_state: HardState { term: 0, vote: 0, commit: 0 }, conf_state: ConfState { voters: [2979204990221060], learners: [], voters_outgoing: [], learners_next: [], auto_leave: false } }, latest_snapshot_meta: SnapshotMetadataSer { term: 0, index: 0 }, apply_progress_queue: EntryApplyProgressQueue(None), peer_address_by_id: RwLock { data: {} }, peer_metadata_by_id: RwLock { data: {} }, cluster_metadata: {}, this_peer_id: 2979204990221060, path: "./storage/raft_state.json", dirty: false }    
2024-09-23T16:20:39.690971Z  INFO storage::content_manager::toc: Loading collection: default    
2024-09-23T16:20:39.771602Z  INFO collection::shards::local_shard: Recovering collection default: 0/1 (0%)    
2024-09-23T16:20:39.786940Z  INFO collection::shards::local_shard: Recovered collection default: 1/1 (100%)    
2024-09-23T16:20:39.788503Z DEBUG qdrant: Loaded collection: default    
2024-09-23T16:20:39.788528Z  INFO qdrant: Distributed mode disabled    
2024-09-23T16:20:39.788541Z  INFO qdrant: Telemetry reporting disabled    
2024-09-23T16:20:39.788690Z DEBUG qdrant: Waiting for thread web to finish    
2024-09-23T16:20:39.789122Z  WARN qdrant::actix::web_ui: Static content folder for Web UI './static' does not exist    
2024-09-23T16:20:39.789760Z  INFO qdrant::actix: TLS disabled for REST API    
2024-09-23T16:20:39.789940Z  INFO qdrant::actix: Qdrant HTTP listening on 6333    
2024-09-23T16:20:39.789961Z  INFO actix_server::builder: Starting 7 workers
2024-09-23T16:20:39.789988Z  INFO actix_server::server: Actix runtime found; starting in Actix runtime
2024-09-23T16:20:39.792590Z  INFO qdrant::tonic: Qdrant gRPC listening on 6334    
2024-09-23T16:20:39.792612Z  INFO qdrant::tonic: TLS disabled for gRPC API    
2024-09-23T16:20:49.702198Z  INFO storage::content_manager::toc::collection_meta_ops: Deleting collection default    
2024-09-23T16:20:49.703776Z DEBUG collection::update_handler: Stopping flush worker.    
2024-09-23T16:20:49.712285Z  INFO actix_web::middleware::logger: 127.0.0.1 "DELETE /collections/default HTTP/1.1" 200 48 "-" "curl/7.81.0" 0.011964    
2024-09-23T16:21:15.665930Z DEBUG storage::content_manager::snapshots::recover: Downloading snapshot from file:///home/yash/gaianet/qdrant/snapshots/default/default.snapshot to /home/yash/gaianet/qdrant/./snapshots/tmp/download-l0YoXV    
2024-09-23T16:21:15.666320Z DEBUG storage::content_manager::snapshots::recover: Snapshot downloaded to /home/yash/gaianet/qdrant/snapshots/default/default.snapshot    
2024-09-23T16:21:15.666786Z DEBUG storage::content_manager::snapshots::recover: Recovering collection default from snapshot /home/yash/gaianet/qdrant/snapshots/default/default.snapshot    
2024-09-23T16:21:15.666804Z DEBUG storage::content_manager::snapshots::recover: Unpacking snapshot to /home/yash/gaianet/qdrant/./storage/tmp/col-default-recovery-8D68zM    
2024-09-23T16:21:17.149592Z DEBUG storage::content_manager::snapshots::recover: Collection default does not exist, creating it    
2024-09-23T16:21:17.149676Z  INFO storage::content_manager::toc::collection_meta_ops: Creating collection default    
2024-09-23T16:21:17.417880Z DEBUG collection::collection: Changing shard default:0 replica state from Some(Initializing) to Active    
2024-09-23T16:21:17.417899Z DEBUG collection::shards::replica_set: Changing local shard default:0 state from Some(Initializing) to Active    
2024-09-23T16:21:17.421791Z DEBUG storage::content_manager::snapshots::recover: Recovering shard 0 from /home/yash/gaianet/qdrant/./storage/tmp/col-default-recovery-8D68zM/0    
2024-09-23T16:21:17.423069Z DEBUG collection::update_handler: Stopping flush worker.    
2024-09-23T16:21:17.613197Z  INFO collection::shards::local_shard: Recovering collection default: 0/51 (0%)    
2024-09-23T16:21:17.701237Z  INFO collection::shards::local_shard: Recovered collection default: 51/51 (100%)    
2024-09-23T16:21:17.707442Z DEBUG storage::content_manager::snapshots::recover: Activating shard 0 of collection default locally    
2024-09-23T16:21:17.707502Z DEBUG collection::collection: Changing shard default:0 replica state from Some(Active) to Active    
2024-09-23T16:21:17.707513Z DEBUG collection::shards::replica_set: Changing local shard default:0 state from Some(Active) to Active    
2024-09-23T16:21:17.718460Z  INFO actix_web::middleware::logger: 127.0.0.1 "POST /collections/default/snapshots/upload?priority=snapshot HTTP/1.1" 200 48 "-" "curl/7.81.0" 3.486095    
2024-09-23T16:21:22.756333Z  INFO actix_server::server: SIGTERM received; starting graceful shutdown
2024-09-23T16:21:22.756314Z DEBUG qdrant::tonic: Stopping gRPC service on SIGTERM    
2024-09-23T16:21:22.756428Z  INFO actix_server::worker: Shutting down idle worker
2024-09-23T16:21:22.756445Z  INFO actix_server::worker: Shutting down idle worker
2024-09-23T16:21:22.756448Z DEBUG actix_server::accept: Paused accepting connections on 127.0.0.1:6333
2024-09-23T16:21:22.756468Z  INFO actix_server::accept: Accept thread stopped
2024-09-23T16:21:22.756454Z  INFO actix_server::worker: Shutting down idle worker
2024-09-23T16:21:22.756546Z  INFO actix_server::worker: Shutting down idle worker
2024-09-23T16:21:22.756495Z  INFO actix_server::worker: Shutting down idle worker
2024-09-23T16:21:22.756636Z  INFO actix_server::worker: Shutting down idle worker
2024-09-23T16:21:22.756855Z  INFO actix_server::worker: Shutting down idle worker
2024-09-23T16:21:23.060483Z DEBUG qdrant: Waiting for thread grpc to finish    
2024-09-23T16:21:23.065323Z DEBUG collection::update_handler: Stopping flush worker.    
